# JRE version: Java(TM) SE Runtime Environment (17.0.12+8) (build 17.0.12+8-LTS-286)
# Java VM: Java HotSpot(TM) 64-Bit Server VM (17.0.12+8-LTS-286, mixed mode, sharing, tiered, compressed oops, compressed class ptrs, g1 gc, windows-amd64)
GC Precious Log:
 CPUs: 8 total, 8 available
 Memory: 16079M
 Large Page Support: Disabled
 NUMA Support: Disabled
 Compressed Oops: Enabled (Zero based)
 Heap Region Size: 2M
 Heap Min Capacity: 8M
 Heap Initial Capacity: 252M
 Heap Max Capacity: 4020M
 Pre-touch: Disabled
 Parallel Workers: 8
 Concurrent Workers: 2
 Concurrent Refinement Workers: 8
 Periodic GC: Disabled
Heap:
 garbage-first heap   total 258048K, used 20982K [0x0000000704c00000, 0x0000000800000000)
  region size 2048K, 10 young (20480K), 6 survivors (12288K)
 Metaspace       used 17297K, committed 17664K, reserved 1114112K
  class space    used 2007K, committed 2176K, reserved 1048576K
GC Heap History (6 events):
Event: 1.771 GC heap before
{Heap before GC invocations=0 (full 0):
 garbage-first heap   total 258048K, used 22528K [0x0000000704c00000, 0x0000000800000000)
  region size 2048K, 11 young (22528K), 0 survivors (0K)
 Metaspace       used 4651K, committed 4800K, reserved 1114112K
  class space    used 548K, committed 640K, reserved 1048576K
}
Event: 1.777 GC heap after
{Heap after GC invocations=1 (full 0):
 garbage-first heap   total 258048K, used 3413K [0x0000000704c00000, 0x0000000800000000)
  region size 2048K, 2 young (4096K), 2 survivors (4096K)
 Metaspace       used 4651K, committed 4800K, reserved 1114112K
  class space    used 548K, committed 640K, reserved 1048576K
}
Event: 2.955 GC heap before
{Heap before GC invocations=1 (full 0):
 garbage-first heap   total 258048K, used 34133K [0x0000000704c00000, 0x0000000800000000)
  region size 2048K, 17 young (34816K), 2 survivors (4096K)
 Metaspace       used 7126K, committed 7296K, reserved 1114112K
  class space    used 858K, committed 960K, reserved 1048576K
}
Event: 2.963 GC heap after
{Heap after GC invocations=2 (full 0):
 garbage-first heap   total 258048K, used 4521K [0x0000000704c00000, 0x0000000800000000)
  region size 2048K, 1 young (2048K), 1 survivors (2048K)
 Metaspace       used 7126K, committed 7296K, reserved 1114112K
  class space    used 858K, committed 960K, reserved 1048576K
}
Event: 9.779 GC heap before
{Heap before GC invocations=2 (full 0):
 garbage-first heap   total 258048K, used 156073K [0x0000000704c00000, 0x0000000800000000)
  region size 2048K, 75 young (153600K), 1 survivors (2048K)
 Metaspace       used 17116K, committed 17472K, reserved 1114112K
  class space    used 1998K, committed 2176K, reserved 1048576K
}
Event: 9.800 GC heap after
{Heap after GC invocations=3 (full 0):
 garbage-first heap   total 258048K, used 14838K [0x0000000704c00000, 0x0000000800000000)
  region size 2048K, 6 young (12288K), 6 survivors (12288K)
 Metaspace       used 17116K, committed 17472K, reserved 1114112K
  class space    used 1998K, committed 2176K, reserved 1048576K
}

